<?xml version="1.0" encoding="UTF-8"?>
<!-- Generated by org.testng.reporters.JUnitReportReporter -->
<testsuite hostname="DESKTOP-9UQGMJ6" name="Prac.OrangeHRM.Create_Admin_User" tests="2" failures="0" timestamp="20 Oct 2018 20:51:07 GMT" time="10.238" errors="0">
  <testcase name="LoginToAppTest" time="5.470" classname="Prac.OrangeHRM.Create_Admin_User"/>
  <testcase name="VerifyLogin" time="4.768" classname="Prac.OrangeHRM.Create_Admin_User"/>
</testsuite> <!-- Prac.OrangeHRM.Create_Admin_User -->
