<?xml version="1.0" encoding="UTF-8"?>
<!-- Generated by org.testng.reporters.JUnitReportReporter -->
<testsuite hostname="DESKTOP-9UQGMJ6" name="Prac.OrangeHRM.LoginTest" tests="2" failures="0" timestamp="20 Oct 2018 19:50:50 GMT" time="5.262" errors="0">
  <testcase name="LoginToAppTest" time="5.219" classname="Prac.OrangeHRM.LoginTest"/>
  <testcase name="VerifyLogin" time="0.043" classname="Prac.OrangeHRM.LoginTest"/>
</testsuite> <!-- Prac.OrangeHRM.LoginTest -->
