<?xml version="1.0" encoding="UTF-8"?>
<!-- Generated by org.testng.reporters.JUnitReportReporter -->
<testsuite hostname="DESKTOP-IBAOE7J" name="Prac.OrangeHRM.PIM_User" tests="2" failures="0" timestamp="9 Dec 2018 08:34:44 GMT" time="12.534" errors="0">
  <testcase name="LoginToAppTest" time="9.550" classname="Prac.OrangeHRM.PIM_User"/>
  <testcase name="testAddEmployee" time="2.984" classname="Prac.OrangeHRM.PIM_User"/>
</testsuite> <!-- Prac.OrangeHRM.PIM_User -->
