<?xml version="1.0" encoding="UTF-8"?>
<!-- Generated by org.testng.reporters.JUnitReportReporter -->
<testsuite hostname="DESKTOP-IBAOE7J" name="Prac.OrangeHRM.PIM_User" tests="2" failures="0" timestamp="6 Dec 2018 04:15:02 GMT" time="12.341" errors="0">
  <testcase name="LoginToAppTest" time="9.545" classname="Prac.OrangeHRM.PIM_User"/>
  <testcase name="testPIMSearch" time="2.796" classname="Prac.OrangeHRM.PIM_User"/>
</testsuite> <!-- Prac.OrangeHRM.PIM_User -->
