<?xml version="1.0" encoding="UTF-8"?>
<!-- Generated by org.testng.reporters.JUnitReportReporter -->
<testsuite hostname="DESKTOP-9UQGMJ6" name="Prac.OrangeHRM.LoginTest" tests="1" failures="0" timestamp="20 Oct 2018 17:02:29 GMT" time="20.493" errors="0">
  <testcase name="LoginToAppTest" time="20.493" classname="Prac.OrangeHRM.LoginTest"/>
</testsuite> <!-- Prac.OrangeHRM.LoginTest -->
